  main.cpp
D:\Projetos\OpenGL01\src\main.cpp(33,17): warning C4244: '=': conversion from 'double' to 'float', possible loss of data
D:\Projetos\OpenGL01\src\main.cpp(34,17): warning C4244: '=': conversion from 'double' to 'float', possible loss of data
D:\Projetos\OpenGL01\src\main.cpp(38,19): warning C4244: 'initializing': conversion from 'double' to 'float', possible loss of data
D:\Projetos\OpenGL01\src\main.cpp(39,19): warning C4244: 'initializing': conversion from 'double' to 'float', possible loss of data
D:\Projetos\OpenGL01\src\main.cpp(40,13): warning C4244: '=': conversion from 'double' to 'float', possible loss of data
D:\Projetos\OpenGL01\src\main.cpp(41,13): warning C4244: '=': conversion from 'double' to 'float', possible loss of data
D:\Projetos\OpenGL01\src\main.cpp(214,28): warning C4244: 'initializing': conversion from 'double' to 'float', possible loss of data
  Shader.cpp
D:\Projetos\OpenGL01\src\Private\Shader.cpp(38,19): error C2079: 'shaderFile' uses undefined class 'std::basic_ifstream<char,std::char_traits<char>>'
D:\Projetos\OpenGL01\src\Private\Shader.cpp(40,42): error C2027: use of undefined type 'std::basic_ifstream<char,std::char_traits<char>>'
E:\Program Files\Microsoft Visual Studio\2022\Community\VC\Tools\MSVC\14.34.31933\include\iosfwd(243,23): message : see declaration of 'std::basic_ifstream<char,std::char_traits<char>>'
D:\Projetos\OpenGL01\src\Private\Shader.cpp(40,50): error C2065: 'failbit': undeclared identifier
D:\Projetos\OpenGL01\src\Private\Shader.cpp(40,67): error C2027: use of undefined type 'std::basic_ifstream<char,std::char_traits<char>>'
E:\Program Files\Microsoft Visual Studio\2022\Community\VC\Tools\MSVC\14.34.31933\include\iosfwd(243,23): message : see declaration of 'std::basic_ifstream<char,std::char_traits<char>>'
D:\Projetos\OpenGL01\src\Private\Shader.cpp(40,73): error C2065: 'badbit': undeclared identifier
D:\Projetos\OpenGL01\src\Private\Shader.cpp(45,27): error C2079: 'shaderStream' uses undefined class 'std::basic_stringstream<char,std::char_traits<char>,std::allocator<char>>'
D:\Projetos\OpenGL01\src\Private\Shader.cpp(55,27): error C2027: use of undefined type 'std::basic_ifstream<char,std::char_traits<char>>'
E:\Program Files\Microsoft Visual Studio\2022\Community\VC\Tools\MSVC\14.34.31933\include\iosfwd(243,23): message : see declaration of 'std::basic_ifstream<char,std::char_traits<char>>'
D:\Projetos\OpenGL01\src\Private\Shader.cpp(55,34): error C2061: syntax error: identifier 'failure'
D:\Projetos\OpenGL01\src\Private\Shader.cpp(55,5): error C2310: catch handlers must specify one type
D:\Projetos\OpenGL01\src\Private\Shader.cpp(57,71): error C2065: 'e': undeclared identifier
  Generating Code...
